<?xml version="1.0" encoding="UTF-8"?>
<!-- Generated by org.testng.reporters.JUnitXMLReporter -->
<testsuite ignored="0" hostname="DESKTOP-I2L0ULI" failures="1" tests="1" name="ThreeTest" time="3.498" errors="0" timestamp="2024-02-01T13:27:31 IST">
  <testcase classname="firstclass.ThreeTest" name="testThree" time="3.311">
    <failure type="java.lang.AssertionError" message="expected [true] but found [false]">
      <![CDATA[java.lang.AssertionError: expected [true] but found [false]
at firstclass.ThreeTest.testThree(ThreeTest.java:18)
at java.base/java.util.ArrayList.forEach(ArrayList.java:1511)
... Removed 29 stack frames]]>
    </failure>
  </testcase> <!-- testThree -->
</testsuite> <!-- ThreeTest -->
